Performing C++ SOURCE FILE Test CMAKE_HAVE_LIBC_PTHREAD failed with the following output:
Change Dir: /home/sasa/work/acts-kiwaku/acts_build/CMakeFiles/CMakeTmp

Run Build Command(s):/usr/bin/gmake cmTC_725ee/fast && /usr/bin/gmake  -f CMakeFiles/cmTC_725ee.dir/build.make CMakeFiles/cmTC_725ee.dir/build
gmake[1]: Entering directory '/home/sasa/work/acts-kiwaku/acts_build/CMakeFiles/CMakeTmp'
Building CXX object CMakeFiles/cmTC_725ee.dir/src.cxx.o
/usr/bin/c++   -Wall -Wextra -Wpedantic -Wshadow -Wno-unused-local-typedefs -DCMAKE_HAVE_LIBC_PTHREAD -std=gnu++17 -o CMakeFiles/cmTC_725ee.dir/src.cxx.o -c /home/sasa/work/acts-kiwaku/acts_build/CMakeFiles/CMakeTmp/src.cxx
Linking CXX executable cmTC_725ee
/usr/bin/cmake -E cmake_link_script CMakeFiles/cmTC_725ee.dir/link.txt --verbose=1
/usr/bin/c++  -Wall -Wextra -Wpedantic -Wshadow -Wno-unused-local-typedefs -DCMAKE_HAVE_LIBC_PTHREAD CMakeFiles/cmTC_725ee.dir/src.cxx.o -o cmTC_725ee 
/usr/bin/ld: CMakeFiles/cmTC_725ee.dir/src.cxx.o: in function `main':
src.cxx:(.text+0x2f): undefined reference to `pthread_create'
/usr/bin/ld: src.cxx:(.text+0x3b): undefined reference to `pthread_detach'
/usr/bin/ld: src.cxx:(.text+0x47): undefined reference to `pthread_cancel'
/usr/bin/ld: src.cxx:(.text+0x58): undefined reference to `pthread_join'
collect2: error: ld returned 1 exit status
gmake[1]: *** [CMakeFiles/cmTC_725ee.dir/build.make:106: cmTC_725ee] Error 1
gmake[1]: Leaving directory '/home/sasa/work/acts-kiwaku/acts_build/CMakeFiles/CMakeTmp'
gmake: *** [Makefile:140: cmTC_725ee/fast] Error 2


Source file was:
#include <pthread.h>

void* test_func(void* data)
{
  return data;
}

int main(void)
{
  pthread_t thread;
  pthread_create(&thread, NULL, test_func, NULL);
  pthread_detach(thread);
  pthread_cancel(thread);
  pthread_join(thread, NULL);
  pthread_atfork(NULL, NULL, NULL);
  pthread_exit(NULL);

  return 0;
}

